<?xml version="1.0" encoding="UTF-8"?>
<!-- Generated by org.testng.reporters.JUnitXMLReporter -->
<testsuite ignored="2" hostname="DESKTOP-P4N61A7" failures="0" tests="6" name="Default test" time="0.16" errors="0" timestamp="2022-06-02T12:44:01 IST">
  <testcase classname="testClasses.NewClassAmazon" name="@BeforeTest launchBrowser" time="-1.654154041495E9">
    <failure type="org.testng.TestNGException" message="
Parameter &amp;apos;BrowserName&amp;apos; is required by BeforeTest on method launchBrowser but has not been marked @Optional or defined
in C:\Users\DELL\AppData\Local\Temp\testng-eclipse-1599087953\testng-customsuite.xml">
      <![CDATA[org.testng.TestNGException: 
Parameter 'BrowserName' is required by BeforeTest on method launchBrowser but has not been marked @Optional or defined
in C:\Users\DELL\AppData\Local\Temp\testng-eclipse-1599087953\testng-customsuite.xml
at org.testng.internal.Parameters.createParams(Parameters.java:270)
at org.testng.internal.Parameters.createParametersForMethod(Parameters.java:358)
at org.testng.internal.Parameters.createParameters(Parameters.java:700)
at org.testng.internal.Parameters.createConfigurationParameters(Parameters.java:168)
at org.testng.internal.ConfigInvoker.invokeConfigurations(ConfigInvoker.java:302)
at org.testng.TestRunner.invokeTestConfigurations(TestRunner.java:637)
at org.testng.TestRunner.beforeRun(TestRunner.java:627)
at org.testng.TestRunner.run(TestRunner.java:589)
at org.testng.SuiteRunner.runTest(SuiteRunner.java:377)
at org.testng.SuiteRunner.runSequentially(SuiteRunner.java:371)
at org.testng.SuiteRunner.privateRun(SuiteRunner.java:332)
at org.testng.SuiteRunner.run(SuiteRunner.java:276)
at org.testng.SuiteRunnerWorker.runSuite(SuiteRunnerWorker.java:53)
at org.testng.SuiteRunnerWorker.run(SuiteRunnerWorker.java:96)
at org.testng.TestNG.runSuitesSequentially(TestNG.java:1212)
at org.testng.TestNG.runSuitesLocally(TestNG.java:1134)
at org.testng.TestNG.runSuites(TestNG.java:1063)
at org.testng.TestNG.run(TestNG.java:1031)
at org.testng.remote.AbstractRemoteTestNG.run(AbstractRemoteTestNG.java:115)
at org.testng.remote.RemoteTestNG.initAndRun(RemoteTestNG.java:251)
at org.testng.remote.RemoteTestNG.main(RemoteTestNG.java:77)
]]>
    </failure>
  </testcase> <!-- @BeforeTest launchBrowser -->
  <testcase classname="testClasses.NewClassAmazon" name="@BeforeClass CreatePomPage" time="-1.65415404153E9">
    <skipped/>
  </testcase> <!-- @BeforeClass CreatePomPage -->
  <testcase classname="testClasses.NewClassAmazon" name="@BeforeMethod launchApplication" time="-1.654154041552E9">
    <skipped/>
  </testcase> <!-- @BeforeMethod launchApplication -->
  <testcase classname="testClasses.NewClassAmazon" name="@AfterMethod exit" time="-1.654154041565E9">
    <skipped/>
  </testcase> <!-- @AfterMethod exit -->
  <testcase classname="testClasses.NewClassAmazon" name="@BeforeMethod launchApplication" time="-1.654154041568E9">
    <skipped/>
  </testcase> <!-- @BeforeMethod launchApplication -->
  <testcase classname="testClasses.NewClassAmazon" name="@AfterMethod exit" time="-1.654154041576E9">
    <skipped/>
  </testcase> <!-- @AfterMethod exit -->
  <testcase classname="testClasses.NewClassAmazon" name="@BeforeMethod launchApplication" time="-1.654154041578E9">
    <skipped/>
  </testcase> <!-- @BeforeMethod launchApplication -->
  <testcase classname="testClasses.NewClassAmazon" name="@AfterMethod exit" time="-1.654154041584E9">
    <skipped/>
  </testcase> <!-- @AfterMethod exit -->
  <testcase classname="testClasses.NewClassAmazon" name="@BeforeMethod launchApplication" time="-1.654154041587E9">
    <skipped/>
  </testcase> <!-- @BeforeMethod launchApplication -->
  <testcase classname="testClasses.NewClassAmazon" name="@AfterMethod exit" time="-1.654154041594E9">
    <skipped/>
  </testcase> <!-- @AfterMethod exit -->
  <testcase classname="testClasses.NewClassAmazon" name="@BeforeMethod launchApplication" time="-1.6541540416E9">
    <skipped/>
  </testcase> <!-- @BeforeMethod launchApplication -->
  <testcase classname="testClasses.NewClassAmazon" name="@AfterMethod exit" time="-1.654154041606E9">
    <skipped/>
  </testcase> <!-- @AfterMethod exit -->
  <testcase classname="testClasses.NewClassAmazon" name="@BeforeMethod launchApplication" time="-1.654154041623E9">
    <skipped/>
  </testcase> <!-- @BeforeMethod launchApplication -->
  <testcase classname="testClasses.NewClassAmazon" name="@AfterMethod exit" time="-1.654154041638E9">
    <skipped/>
  </testcase> <!-- @AfterMethod exit -->
  <testcase classname="testClasses.NewClassAmazon" name="@AfterTest logout" time="-1.654154041647E9">
    <skipped/>
  </testcase> <!-- @AfterTest logout -->
  <testcase classname="testClasses.NewClassAmazon" name="VarifyCustomerservicetab" time="0.0">
    <skipped/>
  </testcase> <!-- VarifyCustomerservicetab -->
  <testcase classname="testClasses.NewClassAmazon" name="screenshot" time="0.0">
    <skipped/>
  </testcase> <!-- screenshot -->
  <testcase classname="testClasses.NewClassAmazon" name="varifyfashiontab" time="0.0">
    <skipped/>
  </testcase> <!-- varifyfashiontab -->
  <testcase classname="testClasses.NewClassAmazon" name="varifymobile" time="0.0">
    <skipped/>
  </testcase> <!-- varifymobile -->
  <testcase classname="testClasses.NewClassAmazon" name="varifysellertab" time="0.0">
    <skipped/>
  </testcase> <!-- varifysellertab -->
  <testcase classname="testClasses.NewClassAmazon" name="varifytodaysdealtab" time="0.0">
    <skipped/>
  </testcase> <!-- varifytodaysdealtab -->
  <testcase classname="testClasses.NewClassAmazon" name="mouseaction" time="0.0">
    <ignored/>
  </testcase> <!-- mouseaction -->
  <testcase classname="testClasses.NewClassAmazon" name="clickall" time="0.0">
    <ignored/>
  </testcase> <!-- clickall -->
</testsuite> <!-- Default test -->
