<?xml version="1.0" encoding="UTF-8"?>
<!-- Generated by org.testng.reporters.JUnitXMLReporter -->
<testsuite ignored="2" hostname="DESKTOP-P4N61A7" failures="1" tests="6" name="Test1" time="52.106" errors="0" timestamp="2022-06-02T12:45:42 IST">
  <testcase classname="testClasses.NewClassAmazon" name="VarifyCustomerservicetab" time="4.529"/>
  <testcase classname="testClasses.NewClassAmazon" name="screenshot" time="0.724"/>
  <testcase classname="testClasses.NewClassAmazon" name="varifyfashiontab" time="6.196"/>
  <testcase classname="testClasses.NewClassAmazon" name="varifymobile" time="2.994"/>
  <testcase classname="testClasses.NewClassAmazon" name="varifysellertab" time="2.18">
    <failure type="java.lang.AssertionError" message="expected [Amazon.in Bestsellers: The most popular items on Amazon] but found [Amazon.in Bestseller: The most popular items on Amazon]">
      <![CDATA[java.lang.AssertionError: expected [Amazon.in Bestsellers: The most popular items on Amazon] but found [Amazon.in Bestseller: The most popular items on Amazon]
at testClasses.NewClassAmazon.varifysellertab(NewClassAmazon.java:64)
at java.base/java.util.ArrayList.forEach(ArrayList.java:1511)
... Removed 33 stack frames]]>
    </failure>
  </testcase> <!-- varifysellertab -->
  <testcase classname="testClasses.NewClassAmazon" name="varifytodaysdealtab" time="5.353"/>
  <testcase classname="testClasses.NewClassAmazon" name="mouseaction" time="0.0">
    <ignored/>
  </testcase> <!-- mouseaction -->
  <testcase classname="testClasses.NewClassAmazon" name="clickall" time="0.0">
    <ignored/>
  </testcase> <!-- clickall -->
</testsuite> <!-- Test1 -->
